100 613456183251959808613456183251959808
011 613456183251959808613456183251959808
100 613456183251959808613456183251959808
010 613456183251959808613456183251959808
110 613456183251959808613456183251959808
011 613456183251959808613456183251959808
011 613456183251959808613456183251959808
000 613456183251959808613456183251959808
101 613456183251959808613456183251959808
100 613456183251959808613456183251959808
100 613456183251959808613456183251959808
011 613456183251959808613456183251959808
100 613456183251959808613456183251959808
001 613456183251959808613456183251959808
111 613456183251959808613456183251959808
111 613456183251959808613456183251959808
000 613456183251959808613456183251959808
111 613456183251959808613456183251959808
110 613456183251959808613456183251959808
000 613456183251959808613456183251959808
101 613456183251959808613456183251959808
110 613456183251959808613456183251959808
110 613456183251959808613456183251959808
101 613456183251959808613456183251959808
000 613456183251959808613456183251959808
001 613456183251959808613456183251959808
110 613456183251959808613456183251959808
010 613456183251959808613456183251959808
001 613456183251959808613456183251959808
101 613456183251959808613456183251959808
110 613456183251959808613456183251959808
010 613456183251959808613456183251959808
